<?xml version='1.0' encoding='UTF-8'?>
<testsuite hostname="DESKTOP-S8SR6R8" name="haslang.SyntaxAnalysisTests" tests="42" errors="0" failures="0" skipped="0" time="0.287" timestamp="2021-09-25T21:37:18">
                     <properties>
[...]
</properties>
                     <testcase classname="haslang.SyntaxAnalysisTests" name="equal expression" time="0.074">
                                                 
                                               </testcase><testcase classname="haslang.SyntaxAnalysisTests" name="less than expression" time="0.007">
                                                 
                                               </testcase><testcase classname="haslang.SyntaxAnalysisTests" name="addition expression" time="0.003">
                                                 
                                               </testcase><testcase classname="haslang.SyntaxAnalysisTests" name="subtraction expression" time="0.003">
                                                 
                                               </testcase><testcase classname="haslang.SyntaxAnalysisTests" name="multiplication expression" time="0.003">
                                                 
                                               </testcase><testcase classname="haslang.SyntaxAnalysisTests" name="division expression" time="0.002">
                                                 
                                               </testcase><testcase classname="haslang.SyntaxAnalysisTests" name="integer expression" time="0.002">
                                                 
                                               </testcase><testcase classname="haslang.SyntaxAnalysisTests" name="true expression" time="0.003">
                                                 
                                               </testcase><testcase classname="haslang.SyntaxAnalysisTests" name="false expression" time="0.002">
                                                 
                                               </testcase><testcase classname="haslang.SyntaxAnalysisTests" name="identifier expression" time="0.002">
                                                 
                                               </testcase><testcase classname="haslang.SyntaxAnalysisTests" name="parenthesized expression" time="0.003">
                                                 
                                               </testcase><testcase classname="haslang.SyntaxAnalysisTests" name="application expression 1" time="0.003">
                                                 
                                               </testcase><testcase classname="haslang.SyntaxAnalysisTests" name="expression containing an application expression" time="0.002">
                                                 
                                               </testcase><testcase classname="haslang.SyntaxAnalysisTests" name="if expression" time="0.006">
                                                 
                                               </testcase><testcase classname="haslang.SyntaxAnalysisTests" name="lambda expression" time="0.013">
                                                 
                                               </testcase><testcase classname="haslang.SyntaxAnalysisTests" name="basic type" time="0.001">
                                                 
                                               </testcase><testcase classname="haslang.SyntaxAnalysisTests" name="parsing unit type" time="0.001">
                                                 
                                               </testcase><testcase classname="haslang.SyntaxAnalysisTests" name="parsing list type" time="0.001">
                                                 
                                               </testcase><testcase classname="haslang.SyntaxAnalysisTests" name="parsing tuple type" time="0.006">
                                                 
                                               </testcase><testcase classname="haslang.SyntaxAnalysisTests" name="parsing function type" time="0.002">
                                                 
                                               </testcase><testcase classname="haslang.SyntaxAnalysisTests" name="parsing bracketted function type" time="0.001">
                                                 
                                               </testcase><testcase classname="haslang.SyntaxAnalysisTests" name="empty list" time="0.002">
                                                 
                                               </testcase><testcase classname="haslang.SyntaxAnalysisTests" name="cons expression" time="0.002">
                                                 
                                               </testcase><testcase classname="haslang.SyntaxAnalysisTests" name="list expression" time="0.002">
                                                 
                                               </testcase><testcase classname="haslang.SyntaxAnalysisTests" name="tuple expression" time="0.004">
                                                 
                                               </testcase><testcase classname="haslang.SyntaxAnalysisTests" name="underscore pattern" time="0.009">
                                                 
                                               </testcase><testcase classname="haslang.SyntaxAnalysisTests" name="literal pattern" time="0.001">
                                                 
                                               </testcase><testcase classname="haslang.SyntaxAnalysisTests" name="list pattern" time="0.004">
                                                 
                                               </testcase><testcase classname="haslang.SyntaxAnalysisTests" name="cons pattern" time="0.002">
                                                 
                                               </testcase><testcase classname="haslang.SyntaxAnalysisTests" name="tuple pattern" time="0.004">
                                                 
                                               </testcase><testcase classname="haslang.SyntaxAnalysisTests" name="simple function line" time="0.009">
                                                 
                                               </testcase><testcase classname="haslang.SyntaxAnalysisTests" name="more complicated function line" time="0.003">
                                                 
                                               </testcase><testcase classname="haslang.SyntaxAnalysisTests" name="simple variable" time="0.006">
                                                 
                                               </testcase><testcase classname="haslang.SyntaxAnalysisTests" name="function with two lines" time="0.002">
                                                 
                                               </testcase><testcase classname="haslang.SyntaxAnalysisTests" name="function with three lines" time="0.006">
                                                 
                                               </testcase><testcase classname="haslang.SyntaxAnalysisTests" name="one definition" time="0.005">
                                                 
                                               </testcase><testcase classname="haslang.SyntaxAnalysisTests" name="one definition with lambda" time="0.01">
                                                 
                                               </testcase><testcase classname="haslang.SyntaxAnalysisTests" name="two definitions" time="0.023">
                                                 
                                               </testcase><testcase classname="haslang.SyntaxAnalysisTests" name="let with one definition" time="0.016">
                                                 
                                               </testcase><testcase classname="haslang.SyntaxAnalysisTests" name="let with two definitions" time="0.008">
                                                 
                                               </testcase><testcase classname="haslang.SyntaxAnalysisTests" name="program with two definitions including lambda" time="0.01">
                                                 
                                               </testcase><testcase classname="haslang.SyntaxAnalysisTests" name="program with definitions including lambda and multiline fun" time="0.019">
                                                 
                                               </testcase>
                     <system-out><![CDATA[]]></system-out>
                     <system-err><![CDATA[]]></system-err>
                   </testsuite>